/home/ramomar/miniconda3/lib/python3.9/site-packages/quast-5.1.0-py3.9.egg/EGG-INFO/scripts/quast.py --est-ref-size 5433342 -o ./report ./spadee-assymbled/contigs.fasta

Version: 5.1.0, f5d71167

System information:
  OS: Linux-5.10.16.3-microsoft-standard-WSL2-x86_64-with-glibc2.31 (linux_64)
  Python version: 3.9.0
  CPUs number: 8

Started: 2022-05-27 22:53:24

Logging to /home/ramomar/projects/assignment-2/report/quast.log
NOTICE: Output directory already exists and looks like a QUAST output dir. Existing results can be reused (e.g. previously generated alignments)!
NOTICE: Maximum number of threads is set to 2 (use --threads option to set it manually)

CWD: /home/ramomar/projects/assignment-2
Main parameters: 
  MODE: default, threads: 2, min contig length: 500, min alignment length: 65, min alignment IDY: 95.0, \
  ambiguity: one, threshold for extensive misassembly size: 1000

WARNING: Can't draw plots: python-matplotlib is missing or corrupted.

Contigs:
  Pre-processing...
  ./spadee-assymbled/contigs.fasta ==> contigs

2022-05-27 22:53:24
Running Basic statistics processor...
  Estimated reference length = 5433342
  Contig files: 
    contigs
  Calculating N50 and L50...
    contigs, N50 = 10400, L50 = 164, auN = 12333.1, Total length = 5433342, GC % = 65.57, # N's per 100 kbp =  0.00
Done.

NOTICE: Genes are not predicted by default. Use --gene-finding or --glimmer option to enable it.

2022-05-27 22:53:33
Creating large visual summaries...
This may take a while: press Ctrl-C to skip this step..
  1 of 1: Creating Icarus viewers...
Done

2022-05-27 22:53:33
RESULTS:
  Text versions of total report are saved to /home/ramomar/projects/assignment-2/report/report.txt, report.tsv, and report.tex
  Text versions of transposed total report are saved to /home/ramomar/projects/assignment-2/report/transposed_report.txt, transposed_report.tsv, and transposed_report.tex
  HTML version (interactive tables and plots) is saved to /home/ramomar/projects/assignment-2/report/report.html
  Icarus (contig browser) is saved to /home/ramomar/projects/assignment-2/report/icarus.html
  Log is saved to /home/ramomar/projects/assignment-2/report/quast.log

Finished: 2022-05-27 22:53:33
Elapsed time: 0:00:08.964197
NOTICEs: 3; WARNINGs: 1; non-fatal ERRORs: 0

Thank you for using QUAST!
